{"contracts/interfaces/IVikings.sol":{"l":{},"path":"/Users/alvaro/Documents/geodb/com.geodb.9worlds.card.minigame.contracts/ethereum/contracts/interfaces/IVikings.sol","s":{},"b":{},"f":{},"fnMap":{},"statementMap":{},"branchMap":{}},"contracts/NineWorldsMinigameTest.sol":{"l":{"100":3,"101":3,"102":3,"103":3,"104":3,"105":3,"106":3,"107":3,"115":6,"119":6,"124":6,"125":90,"126":90,"127":90,"128":90,"129":90,"134":3,"135":3,"139":3,"143":3,"148":3,"149":3,"151":3,"152":3,"153":3,"154":30,"155":30,"156":0,"158":30,"159":0,"161":30,"166":0,"167":0,"169":30,"170":30,"174":3,"179":3,"180":3,"181":3,"185":3,"186":3,"187":0,"188":0,"189":0,"191":3,"195":3,"199":3,"203":3,"204":3,"206":3,"211":3,"213":3,"214":15,"220":15,"221":15,"222":15,"223":15,"225":15,"231":15,"233":3,"237":1,"238":1,"239":1,"243":1,"247":1,"248":1,"249":1,"250":1,"251":1,"252":5,"253":5,"255":5,"258":2,"264":0,"269":0,"274":0,"280":1,"285":1,"290":5,"293":1,"294":0,"295":0,"298":0,"300":1,"301":5,"304":1,"306":0,"307":0,"308":0,"311":0,"313":1,"315":1,"316":1,"317":1,"323":9,"324":9,"325":9,"332":3,"333":3,"334":3,"335":3,"339":1,"340":1,"341":1,"342":1,"344":1,"352":0,"360":2,"368":2,"372":0,"373":0,"374":0,"375":0,"377":0,"381":3,"385":3,"389":0,"393":0,"400":3,"407":3,"411":0,"419":3,"420":3,"421":3,"422":3,"423":15,"424":15,"427":3,"435":4,"436":40,"437":0,"440":4,"448":3,"449":3,"450":30,"458":3,"462":3,"463":3,"464":3,"473":30,"474":30,"475":3,"477":30,"479":30,"486":3,"487":3,"489":3},"path":"/Users/alvaro/Documents/geodb/com.geodb.9worlds.card.minigame.contracts/ethereum/contracts/NineWorldsMinigameTest.sol","s":{"1":3,"2":3,"3":3,"4":3,"5":3,"6":3,"7":3,"8":3,"9":6,"10":6,"11":6,"12":90,"13":90,"14":90,"15":90,"16":3,"17":3,"18":3,"19":3,"20":3,"21":3,"22":3,"23":3,"24":3,"25":30,"26":30,"27":30,"28":30,"29":0,"30":0,"31":30,"32":30,"33":3,"34":3,"35":3,"36":3,"37":3,"38":3,"39":0,"40":0,"41":0,"42":3,"43":3,"44":3,"45":3,"46":3,"47":3,"48":3,"49":3,"50":15,"51":15,"52":15,"53":15,"54":15,"55":15,"56":3,"57":1,"58":1,"59":1,"60":1,"61":1,"62":1,"63":1,"64":1,"65":1,"66":5,"67":5,"68":5,"69":3,"70":3,"71":3,"72":3,"73":2,"74":5,"75":1,"76":0,"77":0,"78":0,"79":1,"80":1,"81":5,"82":1,"83":0,"84":0,"85":0,"86":0,"87":1,"88":1,"89":1,"90":1,"91":9,"92":9,"93":9,"94":3,"95":3,"96":3,"97":3,"98":1,"99":1,"100":1,"101":1,"102":1,"103":0,"104":2,"105":2,"106":0,"107":0,"108":0,"109":0,"110":0,"111":3,"112":3,"113":0,"114":0,"115":3,"116":3,"117":0,"118":3,"119":3,"120":3,"121":3,"122":15,"123":15,"124":3,"125":4,"126":40,"127":0,"128":4,"129":3,"130":3,"131":30,"132":3,"133":3,"134":3,"135":3,"136":30,"137":30,"138":3,"139":30,"140":30,"141":3,"142":3,"143":3},"b":{"1":[6,0],"2":[6,0],"3":[3,0],"4":[3,0],"5":[3,0],"6":[0,30],"7":[0,30],"8":[0,30],"9":[30,0],"10":[3,0],"11":[0,3],"12":[3,0],"13":[3,0],"14":[3,0],"15":[1,0],"16":[1,0],"17":[1,0],"18":[2,3],"19":[0,3],"20":[0,3],"21":[0,3],"22":[1,2],"23":[1,1],"24":[0,1],"25":[1,0],"26":[3,6],"27":[1,2],"28":[0,40],"29":[3,0]},"f":{"1":3,"2":6,"3":3,"4":3,"5":1,"6":9,"7":0,"8":2,"9":2,"10":0,"11":3,"12":3,"13":0,"14":0,"15":3,"16":3,"17":0,"18":3,"19":4,"20":3,"21":3,"22":30,"23":3},"fnMap":{"1":{"name":"constructor","line":98,"loc":{"start":{"line":83,"column":4},"end":{"line":108,"column":4}}},"2":{"name":"setNftTypeAndPower","line":114,"loc":{"start":{"line":110,"column":4},"end":{"line":131,"column":4}}},"3":{"name":"createMatchAndRequestRandom","line":133,"loc":{"start":{"line":133,"column":4},"end":{"line":182,"column":4}}},"4":{"name":"initializeMatchFor","line":184,"loc":{"start":{"line":184,"column":4},"end":{"line":234,"column":4}}},"5":{"name":"resolveMatch","line":236,"loc":{"start":{"line":236,"column":4},"end":{"line":318,"column":4}}},"6":{"name":"resolveMatchWithReorder","line":320,"loc":{"start":{"line":320,"column":4},"end":{"line":345,"column":4}}},"7":{"name":"getValidNft","line":347,"loc":{"start":{"line":347,"column":4},"end":{"line":353,"column":4}}},"8":{"name":"getValidPlayerNft","line":355,"loc":{"start":{"line":355,"column":4},"end":{"line":361,"column":4}}},"9":{"name":"getValidComputerNft","line":363,"loc":{"start":{"line":363,"column":4},"end":{"line":369,"column":4}}},"10":{"name":"pointBalanceOf","line":371,"loc":{"start":{"line":371,"column":4},"end":{"line":378,"column":4}}},"11":{"name":"setNftPointForPlayerWinner","line":380,"loc":{"start":{"line":380,"column":4},"end":{"line":382,"column":4}}},"12":{"name":"setNftPointForComputerWinner","line":384,"loc":{"start":{"line":384,"column":4},"end":{"line":386,"column":4}}},"13":{"name":"setMaxMatchesPerDay","line":388,"loc":{"start":{"line":388,"column":4},"end":{"line":390,"column":4}}},"14":{"name":"setMaxNftMatchCount","line":392,"loc":{"start":{"line":392,"column":4},"end":{"line":394,"column":4}}},"15":{"name":"setNftPointForPlayerTie","line":398,"loc":{"start":{"line":396,"column":4},"end":{"line":401,"column":4}}},"16":{"name":"setNftPointForComputerTie","line":405,"loc":{"start":{"line":403,"column":4},"end":{"line":408,"column":4}}},"17":{"name":"setMaxValidId","line":410,"loc":{"start":{"line":410,"column":4},"end":{"line":412,"column":4}}},"18":{"name":"_getPlayerAndComputerPower","line":414,"loc":{"start":{"line":414,"column":4},"end":{"line":428,"column":4}}},"19":{"name":"_isOwnerOf","line":430,"loc":{"start":{"line":430,"column":4},"end":{"line":441,"column":4}}},"20":{"name":"_expandRandomAux","line":443,"loc":{"start":{"line":443,"column":4},"end":{"line":452,"column":4}}},"21":{"name":"requestRandomValue","line":454,"loc":{"start":{"line":454,"column":4},"end":{"line":465,"column":4}}},"22":{"name":"_generateNonRepeatedRandomIndex","line":467,"loc":{"start":{"line":467,"column":4},"end":{"line":480,"column":4}}},"23":{"name":"fulfillRandomness","line":482,"loc":{"start":{"line":482,"column":4},"end":{"line":490,"column":4}}}},"statementMap":{"1":{"start":{"line":100,"column":8},"end":{"line":100,"column":41}},"2":{"start":{"line":101,"column":8},"end":{"line":101,"column":43}},"3":{"start":{"line":102,"column":8},"end":{"line":102,"column":43}},"4":{"start":{"line":103,"column":8},"end":{"line":103,"column":57}},"5":{"start":{"line":104,"column":8},"end":{"line":104,"column":61}},"6":{"start":{"line":105,"column":8},"end":{"line":105,"column":51}},"7":{"start":{"line":106,"column":8},"end":{"line":106,"column":55}},"8":{"start":{"line":107,"column":8},"end":{"line":107,"column":31}},"9":{"start":{"line":115,"column":8},"end":{"line":115,"column":3811}},"10":{"start":{"line":119,"column":8},"end":{"line":119,"column":3945}},"11":{"start":{"line":124,"column":8},"end":{"line":124,"column":4080}},"12":{"start":{"line":125,"column":12},"end":{"line":125,"column":68}},"13":{"start":{"line":126,"column":12},"end":{"line":126,"column":44}},"14":{"start":{"line":127,"column":12},"end":{"line":127,"column":45}},"15":{"start":{"line":128,"column":12},"end":{"line":128,"column":64}},"16":{"start":{"line":134,"column":8},"end":{"line":134,"column":79}},"17":{"start":{"line":135,"column":8},"end":{"line":135,"column":4564}},"18":{"start":{"line":139,"column":8},"end":{"line":139,"column":4689}},"19":{"start":{"line":143,"column":8},"end":{"line":143,"column":4827}},"20":{"start":{"line":148,"column":8},"end":{"line":148,"column":30}},"21":{"start":{"line":149,"column":8},"end":{"line":149,"column":47}},"22":{"start":{"line":151,"column":8},"end":{"line":151,"column":45}},"23":{"start":{"line":152,"column":8},"end":{"line":152,"column":58}},"24":{"start":{"line":153,"column":8},"end":{"line":153,"column":5169}},"25":{"start":{"line":154,"column":12},"end":{"line":154,"column":39}},"26":{"start":{"line":155,"column":12},"end":{"line":155,"column":5272}},"27":{"start":{"line":158,"column":12},"end":{"line":158,"column":5350}},"28":{"start":{"line":161,"column":12},"end":{"line":161,"column":5450}},"29":{"start":{"line":166,"column":16},"end":{"line":166,"column":78}},"30":{"start":{"line":167,"column":16},"end":{"line":167,"column":57}},"31":{"start":{"line":169,"column":12},"end":{"line":169,"column":5775}},"32":{"start":{"line":170,"column":16},"end":{"line":170,"column":65}},"33":{"start":{"line":174,"column":8},"end":{"line":174,"column":5937}},"34":{"start":{"line":179,"column":8},"end":{"line":179,"column":47}},"35":{"start":{"line":180,"column":8},"end":{"line":180,"column":48}},"36":{"start":{"line":181,"column":8},"end":{"line":181,"column":34}},"37":{"start":{"line":185,"column":8},"end":{"line":185,"column":48}},"38":{"start":{"line":186,"column":8},"end":{"line":186,"column":6374}},"39":{"start":{"line":187,"column":12},"end":{"line":187,"column":54}},"40":{"start":{"line":188,"column":12},"end":{"line":188,"column":37}},"41":{"start":{"line":189,"column":12},"end":{"line":189,"column":18}},"42":{"start":{"line":191,"column":8},"end":{"line":191,"column":6574}},"43":{"start":{"line":195,"column":8},"end":{"line":195,"column":6693}},"44":{"start":{"line":199,"column":8},"end":{"line":199,"column":6841}},"45":{"start":{"line":203,"column":8},"end":{"line":203,"column":65}},"46":{"start":{"line":204,"column":8},"end":{"line":204,"column":66}},"47":{"start":{"line":206,"column":8},"end":{"line":206,"column":7125}},"48":{"start":{"line":211,"column":8},"end":{"line":211,"column":7272}},"49":{"start":{"line":213,"column":8},"end":{"line":213,"column":7345}},"50":{"start":{"line":214,"column":12},"end":{"line":214,"column":7406}},"51":{"start":{"line":220,"column":12},"end":{"line":220,"column":74}},"52":{"start":{"line":221,"column":12},"end":{"line":221,"column":64}},"53":{"start":{"line":223,"column":12},"end":{"line":223,"column":66}},"54":{"start":{"line":225,"column":12},"end":{"line":225,"column":7932}},"55":{"start":{"line":231,"column":12},"end":{"line":231,"column":73}},"56":{"start":{"line":233,"column":8},"end":{"line":233,"column":52}},"57":{"start":{"line":237,"column":8},"end":{"line":237,"column":56}},"58":{"start":{"line":238,"column":8},"end":{"line":238,"column":8422}},"59":{"start":{"line":239,"column":12},"end":{"line":239,"column":8510}},"60":{"start":{"line":243,"column":12},"end":{"line":243,"column":8680}},"61":{"start":{"line":247,"column":12},"end":{"line":247,"column":73}},"62":{"start":{"line":248,"column":12},"end":{"line":248,"column":77}},"63":{"start":{"line":249,"column":12},"end":{"line":249,"column":32}},"64":{"start":{"line":250,"column":12},"end":{"line":250,"column":34}},"65":{"start":{"line":251,"column":12},"end":{"line":251,"column":9051}},"66":{"start":{"line":252,"column":16},"end":{"line":252,"column":73}},"67":{"start":{"line":253,"column":16},"end":{"line":253,"column":77}},"68":{"start":{"line":255,"column":16},"end":{"line":255,"column":9291}},"69":{"start":{"line":260,"column":23},"end":{"line":260,"column":9488}},"70":{"start":{"line":266,"column":23},"end":{"line":266,"column":9710}},"71":{"start":{"line":271,"column":23},"end":{"line":271,"column":9908}},"72":{"start":{"line":276,"column":23},"end":{"line":276,"column":10107}},"73":{"start":{"line":282,"column":23},"end":{"line":282,"column":10327}},"74":{"start":{"line":290,"column":16},"end":{"line":290,"column":62}},"75":{"start":{"line":293,"column":12},"end":{"line":293,"column":10662}},"76":{"start":{"line":294,"column":16},"end":{"line":294,"column":10719}},"77":{"start":{"line":295,"column":20},"end":{"line":295,"column":10828}},"78":{"start":{"line":298,"column":16},"end":{"line":298,"column":71}},"79":{"start":{"line":299,"column":19},"end":{"line":299,"column":10997}},"80":{"start":{"line":300,"column":16},"end":{"line":300,"column":11054}},"81":{"start":{"line":301,"column":20},"end":{"line":301,"column":11167}},"82":{"start":{"line":304,"column":16},"end":{"line":304,"column":73}},"83":{"start":{"line":306,"column":16},"end":{"line":306,"column":11364}},"84":{"start":{"line":307,"column":20},"end":{"line":307,"column":78}},"85":{"start":{"line":308,"column":20},"end":{"line":308,"column":11553}},"86":{"start":{"line":311,"column":16},"end":{"line":311,"column":65}},"87":{"start":{"line":313,"column":12},"end":{"line":313,"column":54}},"88":{"start":{"line":315,"column":8},"end":{"line":315,"column":50}},"89":{"start":{"line":316,"column":8},"end":{"line":316,"column":41}},"90":{"start":{"line":317,"column":8},"end":{"line":317,"column":35}},"91":{"start":{"line":323,"column":8},"end":{"line":323,"column":56}},"92":{"start":{"line":324,"column":8},"end":{"line":324,"column":66}},"93":{"start":{"line":325,"column":8},"end":{"line":325,"column":12138}},"94":{"start":{"line":332,"column":8},"end":{"line":332,"column":27}},"95":{"start":{"line":333,"column":8},"end":{"line":333,"column":29}},"96":{"start":{"line":334,"column":8},"end":{"line":334,"column":73}},"97":{"start":{"line":335,"column":8},"end":{"line":335,"column":12508}},"98":{"start":{"line":339,"column":8},"end":{"line":339,"column":70}},"99":{"start":{"line":340,"column":8},"end":{"line":340,"column":44}},"100":{"start":{"line":341,"column":8},"end":{"line":341,"column":48}},"101":{"start":{"line":342,"column":8},"end":{"line":342,"column":35}},"102":{"start":{"line":344,"column":8},"end":{"line":344,"column":21}},"103":{"start":{"line":352,"column":8},"end":{"line":352,"column":62}},"104":{"start":{"line":360,"column":8},"end":{"line":360,"column":55}},"105":{"start":{"line":368,"column":8},"end":{"line":368,"column":57}},"106":{"start":{"line":372,"column":8},"end":{"line":372,"column":71}},"107":{"start":{"line":373,"column":8},"end":{"line":373,"column":27}},"108":{"start":{"line":374,"column":8},"end":{"line":374,"column":13664}},"109":{"start":{"line":375,"column":12},"end":{"line":375,"column":59}},"110":{"start":{"line":377,"column":8},"end":{"line":377,"column":26}},"111":{"start":{"line":381,"column":8},"end":{"line":381,"column":40}},"112":{"start":{"line":385,"column":8},"end":{"line":385,"column":42}},"113":{"start":{"line":389,"column":8},"end":{"line":389,"column":37}},"114":{"start":{"line":393,"column":8},"end":{"line":393,"column":43}},"115":{"start":{"line":400,"column":8},"end":{"line":400,"column":51}},"116":{"start":{"line":407,"column":8},"end":{"line":407,"column":55}},"117":{"start":{"line":411,"column":8},"end":{"line":411,"column":31}},"118":{"start":{"line":419,"column":8},"end":{"line":419,"column":57}},"119":{"start":{"line":420,"column":8},"end":{"line":420,"column":31}},"120":{"start":{"line":421,"column":8},"end":{"line":421,"column":33}},"121":{"start":{"line":422,"column":8},"end":{"line":422,"column":15055}},"122":{"start":{"line":423,"column":12},"end":{"line":423,"column":77}},"123":{"start":{"line":424,"column":12},"end":{"line":424,"column":15223}},"124":{"start":{"line":427,"column":8},"end":{"line":427,"column":43}},"125":{"start":{"line":435,"column":8},"end":{"line":435,"column":15486}},"126":{"start":{"line":436,"column":12},"end":{"line":436,"column":15544}},"127":{"start":{"line":437,"column":16},"end":{"line":437,"column":28}},"128":{"start":{"line":440,"column":8},"end":{"line":440,"column":19}},"129":{"start":{"line":448,"column":8},"end":{"line":448,"column":40}},"130":{"start":{"line":449,"column":8},"end":{"line":449,"column":15871}},"131":{"start":{"line":450,"column":12},"end":{"line":450,"column":77}},"132":{"start":{"line":458,"column":8},"end":{"line":458,"column":16119}},"133":{"start":{"line":462,"column":8},"end":{"line":462,"column":54}},"134":{"start":{"line":463,"column":8},"end":{"line":463,"column":47}},"135":{"start":{"line":464,"column":8},"end":{"line":464,"column":37}},"136":{"start":{"line":473,"column":8},"end":{"line":473,"column":69}},"137":{"start":{"line":474,"column":8},"end":{"line":474,"column":16724}},"138":{"start":{"line":475,"column":12},"end":{"line":475,"column":55}},"139":{"start":{"line":477,"column":8},"end":{"line":477,"column":43}},"140":{"start":{"line":479,"column":8},"end":{"line":479,"column":26}},"141":{"start":{"line":486,"column":8},"end":{"line":486,"column":55}},"142":{"start":{"line":487,"column":8},"end":{"line":487,"column":56}},"143":{"start":{"line":489,"column":8},"end":{"line":489,"column":48}}},"branchMap":{"1":{"line":115,"type":"if","locations":[{"start":{"line":115,"column":8},"end":{"line":115,"column":8}},{"start":{"line":115,"column":8},"end":{"line":115,"column":8}}]},"2":{"line":119,"type":"if","locations":[{"start":{"line":119,"column":8},"end":{"line":119,"column":8}},{"start":{"line":119,"column":8},"end":{"line":119,"column":8}}]},"3":{"line":135,"type":"if","locations":[{"start":{"line":135,"column":8},"end":{"line":135,"column":8}},{"start":{"line":135,"column":8},"end":{"line":135,"column":8}}]},"4":{"line":139,"type":"if","locations":[{"start":{"line":139,"column":8},"end":{"line":139,"column":8}},{"start":{"line":139,"column":8},"end":{"line":139,"column":8}}]},"5":{"line":143,"type":"if","locations":[{"start":{"line":143,"column":8},"end":{"line":143,"column":8}},{"start":{"line":143,"column":8},"end":{"line":143,"column":8}}]},"6":{"line":155,"type":"if","locations":[{"start":{"line":155,"column":12},"end":{"line":155,"column":12}},{"start":{"line":155,"column":12},"end":{"line":155,"column":12}}]},"7":{"line":158,"type":"if","locations":[{"start":{"line":158,"column":12},"end":{"line":158,"column":12}},{"start":{"line":158,"column":12},"end":{"line":158,"column":12}}]},"8":{"line":161,"type":"if","locations":[{"start":{"line":161,"column":12},"end":{"line":161,"column":12}},{"start":{"line":161,"column":12},"end":{"line":161,"column":12}}]},"9":{"line":169,"type":"if","locations":[{"start":{"line":169,"column":12},"end":{"line":169,"column":12}},{"start":{"line":169,"column":12},"end":{"line":169,"column":12}}]},"10":{"line":174,"type":"if","locations":[{"start":{"line":174,"column":8},"end":{"line":174,"column":8}},{"start":{"line":174,"column":8},"end":{"line":174,"column":8}}]},"11":{"line":186,"type":"if","locations":[{"start":{"line":186,"column":8},"end":{"line":186,"column":8}},{"start":{"line":186,"column":8},"end":{"line":186,"column":8}}]},"12":{"line":191,"type":"if","locations":[{"start":{"line":191,"column":8},"end":{"line":191,"column":8}},{"start":{"line":191,"column":8},"end":{"line":191,"column":8}}]},"13":{"line":195,"type":"if","locations":[{"start":{"line":195,"column":8},"end":{"line":195,"column":8}},{"start":{"line":195,"column":8},"end":{"line":195,"column":8}}]},"14":{"line":199,"type":"if","locations":[{"start":{"line":199,"column":8},"end":{"line":199,"column":8}},{"start":{"line":199,"column":8},"end":{"line":199,"column":8}}]},"15":{"line":238,"type":"if","locations":[{"start":{"line":238,"column":8},"end":{"line":238,"column":8}},{"start":{"line":238,"column":8},"end":{"line":238,"column":8}}]},"16":{"line":239,"type":"if","locations":[{"start":{"line":239,"column":12},"end":{"line":239,"column":12}},{"start":{"line":239,"column":12},"end":{"line":239,"column":12}}]},"17":{"line":243,"type":"if","locations":[{"start":{"line":243,"column":12},"end":{"line":243,"column":12}},{"start":{"line":243,"column":12},"end":{"line":243,"column":12}}]},"18":{"line":255,"type":"if","locations":[{"start":{"line":255,"column":16},"end":{"line":255,"column":16}},{"start":{"line":255,"column":16},"end":{"line":255,"column":16}}]},"19":{"line":260,"type":"if","locations":[{"start":{"line":260,"column":23},"end":{"line":260,"column":23}},{"start":{"line":260,"column":23},"end":{"line":260,"column":23}}]},"20":{"line":266,"type":"if","locations":[{"start":{"line":266,"column":23},"end":{"line":266,"column":23}},{"start":{"line":266,"column":23},"end":{"line":266,"column":23}}]},"21":{"line":271,"type":"if","locations":[{"start":{"line":271,"column":23},"end":{"line":271,"column":23}},{"start":{"line":271,"column":23},"end":{"line":271,"column":23}}]},"22":{"line":276,"type":"if","locations":[{"start":{"line":276,"column":23},"end":{"line":276,"column":23}},{"start":{"line":276,"column":23},"end":{"line":276,"column":23}}]},"23":{"line":282,"type":"if","locations":[{"start":{"line":282,"column":23},"end":{"line":282,"column":23}},{"start":{"line":282,"column":23},"end":{"line":282,"column":23}}]},"24":{"line":293,"type":"if","locations":[{"start":{"line":293,"column":12},"end":{"line":293,"column":12}},{"start":{"line":293,"column":12},"end":{"line":293,"column":12}}]},"25":{"line":299,"type":"if","locations":[{"start":{"line":299,"column":19},"end":{"line":299,"column":19}},{"start":{"line":299,"column":19},"end":{"line":299,"column":19}}]},"26":{"line":325,"type":"if","locations":[{"start":{"line":325,"column":8},"end":{"line":325,"column":8}},{"start":{"line":325,"column":8},"end":{"line":325,"column":8}}]},"27":{"line":335,"type":"if","locations":[{"start":{"line":335,"column":8},"end":{"line":335,"column":8}},{"start":{"line":335,"column":8},"end":{"line":335,"column":8}}]},"28":{"line":436,"type":"if","locations":[{"start":{"line":436,"column":12},"end":{"line":436,"column":12}},{"start":{"line":436,"column":12},"end":{"line":436,"column":12}}]},"29":{"line":458,"type":"if","locations":[{"start":{"line":458,"column":8},"end":{"line":458,"column":8}},{"start":{"line":458,"column":8},"end":{"line":458,"column":8}}]}}},"contracts/Vikings.sol":{"l":{"52":3,"53":3,"55":3,"56":21,"57":21,"58":21,"59":21,"60":21,"61":21,"62":21,"64":3,"65":3,"66":3,"67":3,"71":42,"72":42,"76":42,"77":42,"78":42,"79":42,"80":42,"84":0,"88":0,"89":0,"90":0,"91":0,"92":0,"93":0,"94":0,"95":0,"96":0,"101":0,"105":0,"109":0,"113":0,"117":0,"118":0,"119":0,"120":0,"122":0,"123":0,"127":0,"128":0,"129":0,"130":0,"135":0,"136":0,"137":0,"142":0,"143":0,"144":0,"145":0,"150":0,"151":0,"152":0,"157":0,"161":0,"165":0,"169":0,"173":0,"177":3,"178":3,"179":3,"180":30,"182":3,"186":0,"187":0,"188":0,"189":0,"190":0,"191":0,"192":0,"194":0,"195":0,"196":0,"197":0,"198":0,"199":0,"200":0,"201":0,"202":0,"204":0,"208":42,"209":42,"210":42,"211":42,"212":42,"213":42,"214":42,"215":42,"216":42,"220":0,"221":0,"222":0,"223":0,"224":0,"225":0,"226":0,"227":0,"228":0,"229":0,"230":0,"232":0,"236":0,"237":0,"241":0,"242":0,"243":0,"251":42,"252":42},"path":"/Users/alvaro/Documents/geodb/com.geodb.9worlds.card.minigame.contracts/ethereum/contracts/Vikings.sol","s":{"1":3,"2":3,"3":3,"4":21,"5":21,"6":21,"7":21,"8":21,"9":21,"10":21,"11":3,"12":3,"13":3,"14":3,"15":42,"16":42,"17":42,"18":42,"19":42,"20":0,"21":0,"22":0,"23":0,"24":0,"25":0,"26":0,"27":0,"28":0,"29":0,"30":0,"31":0,"32":0,"33":0,"34":0,"35":0,"36":0,"37":0,"38":0,"39":0,"40":0,"41":0,"42":0,"43":0,"44":0,"45":0,"46":0,"47":0,"48":0,"49":0,"50":0,"51":0,"52":0,"53":0,"54":0,"55":0,"56":0,"57":0,"58":3,"59":3,"60":3,"61":30,"62":3,"63":0,"64":0,"65":0,"66":0,"67":0,"68":0,"69":0,"70":0,"71":0,"72":0,"73":0,"74":0,"75":0,"76":0,"77":0,"78":0,"79":0,"80":42,"81":42,"82":42,"83":42,"84":42,"85":42,"86":42,"87":0,"88":0,"89":0,"90":0,"91":0,"92":0,"93":0,"94":0,"95":0,"96":0,"97":0,"98":0,"99":0,"100":0,"101":0,"102":0,"103":0,"104":42,"105":42},"b":{"1":[3,0],"2":[3,0],"3":[42,0],"4":[42,0],"5":[42,0],"6":[42,0],"7":[42,0],"8":[0,0],"9":[0,0],"10":[0,0],"11":[0,0],"12":[0,0],"13":[0,0],"14":[0,0],"15":[0,0],"16":[0,0],"17":[0,0],"18":[0,0],"19":[0,0],"20":[0,0],"21":[0,0],"22":[0,0],"23":[42,0],"24":[0,0],"25":[0,0],"26":[0,0],"27":[42,0]},"f":{"1":3,"2":42,"3":42,"4":0,"5":0,"6":0,"7":0,"8":0,"9":0,"10":0,"11":0,"12":0,"13":0,"14":0,"15":0,"16":0,"17":0,"18":0,"19":0,"20":3,"21":0,"22":42,"23":0,"24":0,"25":0,"26":42},"fnMap":{"1":{"name":"constructor","line":51,"loc":{"start":{"line":50,"column":4},"end":{"line":68,"column":4}}},"2":{"name":"onlyMinter","line":70,"loc":{"start":{"line":70,"column":4},"end":{"line":73,"column":4}}},"3":{"name":"checkTypeMint","line":75,"loc":{"start":{"line":75,"column":4},"end":{"line":81,"column":4}}},"4":{"name":"setBaseURI","line":83,"loc":{"start":{"line":83,"column":4},"end":{"line":85,"column":4}}},"5":{"name":"setMintType","line":87,"loc":{"start":{"line":87,"column":4},"end":{"line":98,"column":4}}},"6":{"name":"setBaseExtension","line":100,"loc":{"start":{"line":100,"column":4},"end":{"line":102,"column":4}}},"7":{"name":"setSaleToken","line":104,"loc":{"start":{"line":104,"column":4},"end":{"line":106,"column":4}}},"8":{"name":"setFeeReceiver","line":108,"loc":{"start":{"line":108,"column":4},"end":{"line":110,"column":4}}},"9":{"name":"setMaxAmountMintTx","line":112,"loc":{"start":{"line":112,"column":4},"end":{"line":114,"column":4}}},"10":{"name":"setWhitelist","line":116,"loc":{"start":{"line":116,"column":4},"end":{"line":124,"column":4}}},"11":{"name":"setWhitelistBatch","line":126,"loc":{"start":{"line":126,"column":4},"end":{"line":132,"column":4}}},"12":{"name":"setMinters","line":134,"loc":{"start":{"line":134,"column":4},"end":{"line":139,"column":4}}},"13":{"name":"updateStrength","line":141,"loc":{"start":{"line":141,"column":4},"end":{"line":147,"column":4}}},"14":{"name":"deleteWhitelistBatch","line":149,"loc":{"start":{"line":149,"column":4},"end":{"line":154,"column":4}}},"15":{"name":"pause","line":156,"loc":{"start":{"line":156,"column":4},"end":{"line":158,"column":4}}},"16":{"name":"unpause","line":160,"loc":{"start":{"line":160,"column":4},"end":{"line":162,"column":4}}},"17":{"name":"tokenStrength","line":164,"loc":{"start":{"line":164,"column":4},"end":{"line":166,"column":4}}},"18":{"name":"isVikingLocked","line":168,"loc":{"start":{"line":168,"column":4},"end":{"line":170,"column":4}}},"19":{"name":"getCurrentMaxSupply","line":172,"loc":{"start":{"line":172,"column":4},"end":{"line":174,"column":4}}},"20":{"name":"walletOfOwner","line":176,"loc":{"start":{"line":176,"column":4},"end":{"line":183,"column":4}}},"21":{"name":"saleMint","line":185,"loc":{"start":{"line":185,"column":4},"end":{"line":205,"column":4}}},"22":{"name":"mintByType","line":207,"loc":{"start":{"line":207,"column":4},"end":{"line":217,"column":4}}},"23":{"name":"mintSupplyLeft","line":219,"loc":{"start":{"line":219,"column":4},"end":{"line":233,"column":4}}},"24":{"name":"lockToken","line":235,"loc":{"start":{"line":235,"column":4},"end":{"line":238,"column":4}}},"25":{"name":"tokenURI","line":240,"loc":{"start":{"line":240,"column":4},"end":{"line":244,"column":4}}},"26":{"name":"_beforeTokenTransfer","line":250,"loc":{"start":{"line":246,"column":4},"end":{"line":253,"column":4}}}},"statementMap":{"1":{"start":{"line":52,"column":8},"end":{"line":52,"column":77}},"2":{"start":{"line":53,"column":8},"end":{"line":53,"column":2100}},"3":{"start":{"line":55,"column":8},"end":{"line":55,"column":2260}},"4":{"start":{"line":56,"column":12},"end":{"line":56,"column":56}},"5":{"start":{"line":57,"column":12},"end":{"line":57,"column":58}},"6":{"start":{"line":58,"column":12},"end":{"line":58,"column":52}},"7":{"start":{"line":59,"column":12},"end":{"line":59,"column":48}},"8":{"start":{"line":60,"column":12},"end":{"line":60,"column":50}},"9":{"start":{"line":61,"column":12},"end":{"line":61,"column":44}},"10":{"start":{"line":62,"column":12},"end":{"line":62,"column":53}},"11":{"start":{"line":64,"column":8},"end":{"line":64,"column":39}},"12":{"start":{"line":65,"column":8},"end":{"line":65,"column":30}},"13":{"start":{"line":66,"column":8},"end":{"line":66,"column":33}},"14":{"start":{"line":67,"column":8},"end":{"line":67,"column":29}},"15":{"start":{"line":71,"column":8},"end":{"line":71,"column":83}},"16":{"start":{"line":76,"column":8},"end":{"line":76,"column":80}},"17":{"start":{"line":77,"column":8},"end":{"line":77,"column":96}},"18":{"start":{"line":78,"column":8},"end":{"line":78,"column":77}},"19":{"start":{"line":79,"column":8},"end":{"line":79,"column":159}},"20":{"start":{"line":84,"column":8},"end":{"line":84,"column":54}},"21":{"start":{"line":88,"column":8},"end":{"line":88,"column":57}},"22":{"start":{"line":89,"column":8},"end":{"line":89,"column":59}},"23":{"start":{"line":90,"column":8},"end":{"line":90,"column":53}},"24":{"start":{"line":91,"column":8},"end":{"line":91,"column":49}},"25":{"start":{"line":92,"column":8},"end":{"line":92,"column":51}},"26":{"start":{"line":93,"column":8},"end":{"line":93,"column":45}},"27":{"start":{"line":94,"column":8},"end":{"line":94,"column":54}},"28":{"start":{"line":95,"column":8},"end":{"line":95,"column":4242}},"29":{"start":{"line":101,"column":8},"end":{"line":101,"column":37}},"30":{"start":{"line":105,"column":8},"end":{"line":105,"column":29}},"31":{"start":{"line":109,"column":8},"end":{"line":109,"column":33}},"32":{"start":{"line":113,"column":8},"end":{"line":113,"column":41}},"33":{"start":{"line":117,"column":8},"end":{"line":117,"column":96}},"34":{"start":{"line":118,"column":8},"end":{"line":118,"column":94}},"35":{"start":{"line":119,"column":8},"end":{"line":119,"column":5158}},"36":{"start":{"line":120,"column":12},"end":{"line":120,"column":62}},"37":{"start":{"line":122,"column":8},"end":{"line":122,"column":47}},"38":{"start":{"line":123,"column":8},"end":{"line":123,"column":43}},"39":{"start":{"line":127,"column":8},"end":{"line":127,"column":82}},"40":{"start":{"line":128,"column":8},"end":{"line":128,"column":94}},"41":{"start":{"line":129,"column":8},"end":{"line":129,"column":5686}},"42":{"start":{"line":130,"column":12},"end":{"line":130,"column":63}},"43":{"start":{"line":135,"column":8},"end":{"line":135,"column":112}},"44":{"start":{"line":136,"column":8},"end":{"line":136,"column":6035}},"45":{"start":{"line":137,"column":12},"end":{"line":137,"column":43}},"46":{"start":{"line":142,"column":8},"end":{"line":142,"column":156}},"47":{"start":{"line":143,"column":8},"end":{"line":143,"column":6419}},"48":{"start":{"line":144,"column":12},"end":{"line":144,"column":106}},"49":{"start":{"line":145,"column":12},"end":{"line":145,"column":58}},"50":{"start":{"line":150,"column":8},"end":{"line":150,"column":82}},"51":{"start":{"line":151,"column":8},"end":{"line":151,"column":6831}},"52":{"start":{"line":152,"column":12},"end":{"line":152,"column":48}},"53":{"start":{"line":157,"column":8},"end":{"line":157,"column":15}},"54":{"start":{"line":161,"column":8},"end":{"line":161,"column":17}},"55":{"start":{"line":165,"column":8},"end":{"line":165,"column":41}},"56":{"start":{"line":169,"column":8},"end":{"line":169,"column":62}},"57":{"start":{"line":173,"column":8},"end":{"line":173,"column":99}},"58":{"start":{"line":177,"column":8},"end":{"line":177,"column":46}},"59":{"start":{"line":178,"column":8},"end":{"line":178,"column":61}},"60":{"start":{"line":179,"column":8},"end":{"line":179,"column":7745}},"61":{"start":{"line":180,"column":12},"end":{"line":180,"column":55}},"62":{"start":{"line":182,"column":8},"end":{"line":182,"column":23}},"63":{"start":{"line":186,"column":8},"end":{"line":186,"column":162}},"64":{"start":{"line":187,"column":8},"end":{"line":187,"column":144}},"65":{"start":{"line":188,"column":8},"end":{"line":188,"column":83}},"66":{"start":{"line":189,"column":8},"end":{"line":189,"column":8389}},"67":{"start":{"line":190,"column":12},"end":{"line":190,"column":131}},"68":{"start":{"line":191,"column":12},"end":{"line":191,"column":127}},"69":{"start":{"line":192,"column":12},"end":{"line":192,"column":55}},"70":{"start":{"line":194,"column":8},"end":{"line":194,"column":98}},"71":{"start":{"line":195,"column":8},"end":{"line":195,"column":51}},"72":{"start":{"line":196,"column":8},"end":{"line":196,"column":51}},"73":{"start":{"line":197,"column":8},"end":{"line":197,"column":9020}},"74":{"start":{"line":198,"column":12},"end":{"line":198,"column":49}},"75":{"start":{"line":199,"column":12},"end":{"line":199,"column":61}},"76":{"start":{"line":200,"column":12},"end":{"line":200,"column":39}},"77":{"start":{"line":201,"column":12},"end":{"line":201,"column":37}},"78":{"start":{"line":202,"column":12},"end":{"line":202,"column":71}},"79":{"start":{"line":204,"column":8},"end":{"line":204,"column":122}},"80":{"start":{"line":208,"column":8},"end":{"line":208,"column":113}},"81":{"start":{"line":209,"column":8},"end":{"line":209,"column":96}},"82":{"start":{"line":210,"column":8},"end":{"line":210,"column":53}},"83":{"start":{"line":211,"column":8},"end":{"line":211,"column":65}},"84":{"start":{"line":212,"column":8},"end":{"line":212,"column":43}},"85":{"start":{"line":215,"column":8},"end":{"line":215,"column":40}},"86":{"start":{"line":216,"column":8},"end":{"line":216,"column":52}},"87":{"start":{"line":220,"column":8},"end":{"line":220,"column":77}},"88":{"start":{"line":221,"column":8},"end":{"line":221,"column":98}},"89":{"start":{"line":222,"column":8},"end":{"line":222,"column":98}},"90":{"start":{"line":223,"column":8},"end":{"line":223,"column":183}},"91":{"start":{"line":224,"column":8},"end":{"line":224,"column":50}},"92":{"start":{"line":225,"column":8},"end":{"line":225,"column":10789}},"93":{"start":{"line":226,"column":12},"end":{"line":226,"column":49}},"94":{"start":{"line":227,"column":12},"end":{"line":227,"column":61}},"95":{"start":{"line":228,"column":12},"end":{"line":228,"column":39}},"96":{"start":{"line":229,"column":12},"end":{"line":229,"column":36}},"97":{"start":{"line":230,"column":12},"end":{"line":230,"column":48}},"98":{"start":{"line":232,"column":8},"end":{"line":232,"column":50}},"99":{"start":{"line":236,"column":8},"end":{"line":236,"column":42}},"100":{"start":{"line":237,"column":8},"end":{"line":237,"column":43}},"101":{"start":{"line":241,"column":8},"end":{"line":241,"column":83}},"102":{"start":{"line":242,"column":8},"end":{"line":242,"column":92}},"103":{"start":{"line":243,"column":8},"end":{"line":243,"column":130}},"104":{"start":{"line":251,"column":8},"end":{"line":251,"column":90}},"105":{"start":{"line":252,"column":8},"end":{"line":252,"column":52}}},"branchMap":{"1":{"line":52,"type":"if","locations":[{"start":{"line":52,"column":8},"end":{"line":52,"column":8}},{"start":{"line":52,"column":8},"end":{"line":52,"column":8}}]},"2":{"line":53,"type":"if","locations":[{"start":{"line":53,"column":8},"end":{"line":53,"column":8}},{"start":{"line":53,"column":8},"end":{"line":53,"column":8}}]},"3":{"line":71,"type":"if","locations":[{"start":{"line":71,"column":8},"end":{"line":71,"column":8}},{"start":{"line":71,"column":8},"end":{"line":71,"column":8}}]},"4":{"line":76,"type":"if","locations":[{"start":{"line":76,"column":8},"end":{"line":76,"column":8}},{"start":{"line":76,"column":8},"end":{"line":76,"column":8}}]},"5":{"line":77,"type":"if","locations":[{"start":{"line":77,"column":8},"end":{"line":77,"column":8}},{"start":{"line":77,"column":8},"end":{"line":77,"column":8}}]},"6":{"line":78,"type":"if","locations":[{"start":{"line":78,"column":8},"end":{"line":78,"column":8}},{"start":{"line":78,"column":8},"end":{"line":78,"column":8}}]},"7":{"line":79,"type":"if","locations":[{"start":{"line":79,"column":8},"end":{"line":79,"column":8}},{"start":{"line":79,"column":8},"end":{"line":79,"column":8}}]},"8":{"line":95,"type":"if","locations":[{"start":{"line":95,"column":8},"end":{"line":95,"column":8}},{"start":{"line":95,"column":8},"end":{"line":95,"column":8}}]},"9":{"line":117,"type":"if","locations":[{"start":{"line":117,"column":8},"end":{"line":117,"column":8}},{"start":{"line":117,"column":8},"end":{"line":117,"column":8}}]},"10":{"line":118,"type":"if","locations":[{"start":{"line":118,"column":8},"end":{"line":118,"column":8}},{"start":{"line":118,"column":8},"end":{"line":118,"column":8}}]},"11":{"line":127,"type":"if","locations":[{"start":{"line":127,"column":8},"end":{"line":127,"column":8}},{"start":{"line":127,"column":8},"end":{"line":127,"column":8}}]},"12":{"line":128,"type":"if","locations":[{"start":{"line":128,"column":8},"end":{"line":128,"column":8}},{"start":{"line":128,"column":8},"end":{"line":128,"column":8}}]},"13":{"line":135,"type":"if","locations":[{"start":{"line":135,"column":8},"end":{"line":135,"column":8}},{"start":{"line":135,"column":8},"end":{"line":135,"column":8}}]},"14":{"line":142,"type":"if","locations":[{"start":{"line":142,"column":8},"end":{"line":142,"column":8}},{"start":{"line":142,"column":8},"end":{"line":142,"column":8}}]},"15":{"line":144,"type":"if","locations":[{"start":{"line":144,"column":12},"end":{"line":144,"column":12}},{"start":{"line":144,"column":12},"end":{"line":144,"column":12}}]},"16":{"line":150,"type":"if","locations":[{"start":{"line":150,"column":8},"end":{"line":150,"column":8}},{"start":{"line":150,"column":8},"end":{"line":150,"column":8}}]},"17":{"line":186,"type":"if","locations":[{"start":{"line":186,"column":8},"end":{"line":186,"column":8}},{"start":{"line":186,"column":8},"end":{"line":186,"column":8}}]},"18":{"line":187,"type":"if","locations":[{"start":{"line":187,"column":8},"end":{"line":187,"column":8}},{"start":{"line":187,"column":8},"end":{"line":187,"column":8}}]},"19":{"line":188,"type":"if","locations":[{"start":{"line":188,"column":8},"end":{"line":188,"column":8}},{"start":{"line":188,"column":8},"end":{"line":188,"column":8}}]},"20":{"line":189,"type":"if","locations":[{"start":{"line":189,"column":8},"end":{"line":189,"column":8}},{"start":{"line":189,"column":8},"end":{"line":189,"column":8}}]},"21":{"line":190,"type":"if","locations":[{"start":{"line":190,"column":12},"end":{"line":190,"column":12}},{"start":{"line":190,"column":12},"end":{"line":190,"column":12}}]},"22":{"line":191,"type":"if","locations":[{"start":{"line":191,"column":12},"end":{"line":191,"column":12}},{"start":{"line":191,"column":12},"end":{"line":191,"column":12}}]},"23":{"line":208,"type":"if","locations":[{"start":{"line":208,"column":8},"end":{"line":208,"column":8}},{"start":{"line":208,"column":8},"end":{"line":208,"column":8}}]},"24":{"line":220,"type":"if","locations":[{"start":{"line":220,"column":8},"end":{"line":220,"column":8}},{"start":{"line":220,"column":8},"end":{"line":220,"column":8}}]},"25":{"line":221,"type":"if","locations":[{"start":{"line":221,"column":8},"end":{"line":221,"column":8}},{"start":{"line":221,"column":8},"end":{"line":221,"column":8}}]},"26":{"line":241,"type":"if","locations":[{"start":{"line":241,"column":8},"end":{"line":241,"column":8}},{"start":{"line":241,"column":8},"end":{"line":241,"column":8}}]},"27":{"line":251,"type":"if","locations":[{"start":{"line":251,"column":8},"end":{"line":251,"column":8}},{"start":{"line":251,"column":8},"end":{"line":251,"column":8}}]}}}}